\BOOKMARK [1][-]{section.1}{Physics Model}{}% 1
\BOOKMARK [1][-]{section.2}{Mathematical Model}{}% 2
\BOOKMARK [2][-]{subsection.2.1}{Optimization problem}{section.2}% 3
\BOOKMARK [1][-]{section.3}{Analysis model}{}% 4
\BOOKMARK [2][-]{subsection.3.1}{Shape optimization}{section.3}% 5
\BOOKMARK [2][-]{subsection.3.2}{Finite element solver}{section.3}% 6
\BOOKMARK [1][-]{section.4}{Implementation}{}% 7
\BOOKMARK [2][-]{subsection.4.1}{Objective function and its gradient}{section.4}% 8
\BOOKMARK [2][-]{subsection.4.2}{Nonlinear constraints}{section.4}% 9
\BOOKMARK [2][-]{subsection.4.3}{Geometric constraints}{section.4}% 10
\BOOKMARK [1][-]{section.5}{Results and discussion}{}% 11
\BOOKMARK [1][-]{section.6}{Conclusion}{}% 12
\BOOKMARK [1][-]{section*.3}{Appendices}{}% 13
\BOOKMARK [1][-]{Appendix.a.A}{calcWeight.m}{}% 14
\BOOKMARK [1][-]{Appendix.a.B}{calcWeightDerivative.m}{}% 15
\BOOKMARK [1][-]{Appendix.a.C}{objFunc.m}{}% 16
\BOOKMARK [1][-]{Appendix.a.D}{caclStressConstraints.m}{}% 17
\BOOKMARK [1][-]{Appendix.a.E}{calcIneqDerivative.m}{}% 18
\BOOKMARK [1][-]{Appendix.a.F}{calcStressConstraints.m}{}% 19
\BOOKMARK [1][-]{Appendix.a.G}{geomParameterizatio.m}{}% 20
\BOOKMARK [1][-]{Appendix.a.H}{getGeomConstraints.m}{}% 21
\BOOKMARK [1][-]{Appendix.a.I}{doOptimization.m}{}% 22
\BOOKMARK [1][-]{Appendix.a.J}{run.m}{}% 23
